<?xml version="1.0" encoding="UTF-8"?>
<!-- Generated by org.testng.reporters.JUnitXMLReporter -->
<testsuite ignored="0" hostname="LAPTOP-J64VV9VG" failures="1" tests="5" name="RegressionOfEdge" time="52.831" errors="0" timestamp="2022-05-10T22:31:32 EDT">
  <testcase classname="piit.AutomationTrainingProgram.Execution" name="Test2" time="0.012"/>
  <testcase classname="piit.AutomationTrainingProgram.Browsersd" name="f" time="1.247"/>
  <testcase classname="piit.AutomationTrainingProgram.Execution" name="f" time="0.007"/>
  <testcase classname="piit.AutomationTrainingProgram.Signout" name="f" time="24.925"/>
  <testcase classname="piit.AutomationTrainingProgram.Signout" name="TextVerificationMethod" time="7.045">
    <failure type="java.lang.AssertionError" message="The following asserts failed:
	expected [Please enter your email or mobile number to search for your account.] but found [Please enter your email or mobile number  search for your account.]">
      <![CDATA[java.lang.AssertionError: The following asserts failed:
expected [Please enter your email or mobile number to search for your account.] but found [Please enter your email or mobile number  search for your account.]
at piit.AutomationTrainingProgram.Signout.TextVerificationMethod(Signout.java:56)
at java.base/java.util.ArrayList.forEach(ArrayList.java:1511)
at java.base/java.util.concurrent.FutureTask.run(FutureTask.java:264)
at java.base/java.util.concurrent.ThreadPoolExecutor.runWorker(ThreadPoolExecutor.java:1136)
at java.base/java.util.concurrent.ThreadPoolExecutor$Worker.run(ThreadPoolExecutor.java:635)
at java.base/java.lang.Thread.run(Thread.java:833)
... Removed 20 stack frames]]>
    </failure>
  </testcase> <!-- TextVerificationMethod -->
</testsuite> <!-- RegressionOfEdge -->
