<?xml version="1.0" encoding="UTF-8"?>
<!-- Generated by org.testng.reporters.JUnitXMLReporter -->
<testsuite ignored="0" hostname="LAPTOP-J64VV9VG" failures="1" tests="5" name="Regression" time="39.973" errors="0" timestamp="2022-05-10T21:42:09 EDT">
  <testcase classname="piit.AutomationTrainingProgram.Browsersd" name="f" time="0.517"/>
  <testcase classname="piit.AutomationTrainingProgram.Signout" name="f" time="20.943"/>
  <testcase classname="piit.AutomationTrainingProgram.Signout" name="TextVerificationMethod" time="6.824">
    <failure type="java.lang.AssertionError" message="The following asserts failed:
	expected [Please enter your email or mobile number to search for your account.] but found [Please enter your email or mobile number  search for your account.]">
      <![CDATA[java.lang.AssertionError: The following asserts failed:
expected [Please enter your email or mobile number to search for your account.] but found [Please enter your email or mobile number  search for your account.]
at piit.AutomationTrainingProgram.Signout.TextVerificationMethod(Signout.java:56)
at java.base/java.util.ArrayList.forEach(ArrayList.java:1511)
... Removed 29 stack frames]]>
    </failure>
  </testcase> <!-- TextVerificationMethod -->
  <testcase classname="piit.AutomationTrainingProgram.Execution" name="Test2" time="0.002"/>
  <testcase classname="piit.AutomationTrainingProgram.Execution" name="f" time="0.006"/>
</testsuite> <!-- Regression -->
